#
# There is insufficient memory for the Java Runtime Environment to continue.
# Native memory allocation (malloc) failed to allocate 524144 bytes for Chunk::new
# Possible reasons:
#   The system is out of physical RAM or swap space
#   The process is running with CompressedOops enabled, and the Java Heap may be blocking the growth of the native heap
# Possible solutions:
#   Reduce memory load on the system
#   Increase physical memory or swap space
#   Check if swap backing store is full
#   Decrease Java heap size (-Xmx/-Xms)
#   Decrease number of Java threads
#   Decrease Java thread stack sizes (-Xss)
#   Set larger code cache with -XX:ReservedCodeCacheSize=
#   JVM is running with Unscaled Compressed Oops mode in which the Java heap is
#     placed in the first 4GB address space. The Java Heap base address is the
#     maximum limit for the native heap growth. Please use -XX:HeapBaseMinAddress
#     to set the Java Heap base and to place the Java Heap above 4GB virtual address.
# This output file may be truncated or incomplete.
#
#  Out of Memory Error (arena.cpp:189), pid=20340, tid=31476
#
# JRE version: Java(TM) SE Runtime Environment (17.0.7+8) (build 17.0.7+8-LTS-224)
# Java VM: Java HotSpot(TM) 64-Bit Server VM (17.0.7+8-LTS-224, mixed mode, sharing, tiered, compressed oops, compressed class ptrs, g1 gc, windows-amd64)
# No core dump will be written. Minidumps are not enabled by default on client versions of Windows
#

---------------  S U M M A R Y ------------

Command Line: -Dfile.encoding=UTF-8 -XX:+ShowCodeDetailsInExceptionMessages com.cts.content.ContentApplication

Host: AMD Ryzen 5 PRO 3500U w/ Radeon Vega Mobile Gfx, 8 cores, 5G,  Windows 11 , 64 bit Build 22000 (10.0.22000.1880)
Time: Thu Jun 22 12:35:15 2023 India Standard Time elapsed time: 81.893734 seconds (0d 0h 1m 21s)

---------------  T H R E A D  ---------------

Current thread (0x0000013e4684c550):  JavaThread "C2 CompilerThread0" daemon [_thread_in_native, id=31476, stack(0x0000000cd7100000,0x0000000cd7200000)]


Current CompileTask:
C2:  81897 3878       4       java.lang.Class::getDeclaredAnnotations (11 bytes)

Stack: [0x0000000cd7100000,0x0000000cd7200000]
Native frames: (J=compiled Java code, j=interpreted, Vv=VM code, C=native code)
V  [jvm.dll+0x676a4a]
V  [jvm.dll+0x7d74f4]
V  [jvm.dll+0x7d8c9e]
V  [jvm.dll+0x7d9303]
V  [jvm.dll+0x2452c5]
V  [jvm.dll+0xaaa2b]
V  [jvm.dll+0xaafcc]
V  [jvm.dll+0x36141e]
V  [jvm.dll+0x32bba1]
V  [jvm.dll+0x32b03a]
V  [jvm.dll+0x217acf]
V  [jvm.dll+0x216f01]
V  [jvm.dll+0x1a35e0]
V  [jvm.dll+0x226a6e]
V  [jvm.dll+0x224e15]
V  [jvm.dll+0x78d05c]
V  [jvm.dll+0x78759a]
V  [jvm.dll+0x675875]
C  [ucrtbase.dll+0x26c0c]
C  [KERNEL32.DLL+0x155a0]
C  [ntdll.dll+0x485b]


---------------  P R O C E S S  ---------------

Threads class SMR info:
_java_thread_list=0x0000013e488f0350, length=14, elements={
0x0000013e29a2ce90, 0x0000013e46829680, 0x0000013e4682b0c0, 0x0000013e4683e220,
0x0000013e46842b00, 0x0000013e468433c0, 0x0000013e468447f0, 0x0000013e4684c550,
0x0000013e46860e60, 0x0000013e468630f0, 0x0000013e474a76c0, 0x0000013e474c0ca0,
0x0000013e47a87530, 0x0000013e47a88220
}

Java Threads: ( => current thread )
  0x0000013e29a2ce90 JavaThread "main" [_thread_blocked, id=25428, stack(0x0000000cd6400000,0x0000000cd6500000)]
  0x0000013e46829680 JavaThread "Reference Handler" daemon [_thread_blocked, id=11244, stack(0x0000000cd6b00000,0x0000000cd6c00000)]
  0x0000013e4682b0c0 JavaThread "Finalizer" daemon [_thread_blocked, id=9928, stack(0x0000000cd6c00000,0x0000000cd6d00000)]
  0x0000013e4683e220 JavaThread "Signal Dispatcher" daemon [_thread_blocked, id=24140, stack(0x0000000cd6d00000,0x0000000cd6e00000)]
  0x0000013e46842b00 JavaThread "Attach Listener" daemon [_thread_blocked, id=7708, stack(0x0000000cd6e00000,0x0000000cd6f00000)]
  0x0000013e468433c0 JavaThread "Service Thread" daemon [_thread_blocked, id=21624, stack(0x0000000cd6f00000,0x0000000cd7000000)]
  0x0000013e468447f0 JavaThread "Monitor Deflation Thread" daemon [_thread_blocked, id=22964, stack(0x0000000cd7000000,0x0000000cd7100000)]
=>0x0000013e4684c550 JavaThread "C2 CompilerThread0" daemon [_thread_in_native, id=31476, stack(0x0000000cd7100000,0x0000000cd7200000)]
  0x0000013e46860e60 JavaThread "C1 CompilerThread0" daemon [_thread_blocked, id=7064, stack(0x0000000cd7200000,0x0000000cd7300000)]
  0x0000013e468630f0 JavaThread "Sweeper thread" daemon [_thread_blocked, id=14120, stack(0x0000000cd7300000,0x0000000cd7400000)]
  0x0000013e474a76c0 JavaThread "Notification Thread" daemon [_thread_blocked, id=14760, stack(0x0000000cd7400000,0x0000000cd7500000)]
  0x0000013e474c0ca0 JavaThread "Common-Cleaner" daemon [_thread_blocked, id=1672, stack(0x0000000cd7600000,0x0000000cd7700000)]
  0x0000013e47a87530 JavaThread "Thread-0" [_thread_blocked, id=23508, stack(0x0000000cd7c00000,0x0000000cd7d00000)]
  0x0000013e47a88220 JavaThread "restartedMain" [_thread_in_Java, id=27492, stack(0x0000000cd7d00000,0x0000000cd7e00000)]

Other Threads:
  0x0000013e46823150 VMThread "VM Thread" [stack: 0x0000000cd6a00000,0x0000000cd6b00000] [id=11924]
  0x0000013e474b03d0 WatcherThread [stack: 0x0000000cd7500000,0x0000000cd7600000] [id=14608]
  0x0000013e29a781d0 GCTaskThread "GC Thread#0" [stack: 0x0000000cd6500000,0x0000000cd6600000] [id=25472]
  0x0000013e4746bad0 GCTaskThread "GC Thread#1" [stack: 0x0000000cd7700000,0x0000000cd7800000] [id=16088]
  0x0000013e4745b720 GCTaskThread "GC Thread#2" [stack: 0x0000000cd7800000,0x0000000cd7900000] [id=19660]
  0x0000013e479139d0 GCTaskThread "GC Thread#3" [stack: 0x0000000cd7900000,0x0000000cd7a00000] [id=17924]
  0x0000013e47913c80 GCTaskThread "GC Thread#4" [stack: 0x0000000cd7a00000,0x0000000cd7b00000] [id=29400]
  0x0000013e47ee7920 GCTaskThread "GC Thread#5" [stack: 0x0000000cd7e00000,0x0000000cd7f00000] [id=7740]
  0x0000013e482deb80 GCTaskThread "GC Thread#6" [stack: 0x0000000cd8000000,0x0000000cd8100000] [id=17016]
  0x0000013e482d5820 GCTaskThread "GC Thread#7" [stack: 0x0000000cd8100000,0x0000000cd8200000] [id=608]
  0x0000013e29a85be0 ConcurrentGCThread "G1 Main Marker" [stack: 0x0000000cd6600000,0x0000000cd6700000] [id=26984]
  0x0000013e29a865f0 ConcurrentGCThread "G1 Conc#0" [stack: 0x0000000cd6700000,0x0000000cd6800000] [id=20732]
  0x0000013e483dcaf0 ConcurrentGCThread "G1 Conc#1" [stack: 0x0000000cd7f00000,0x0000000cd8000000] [id=28204]
  0x0000013e466e0090 ConcurrentGCThread "G1 Refine#0" [stack: 0x0000000cd6800000,0x0000000cd6900000] [id=600]
  0x0000013e477899d0 ConcurrentGCThread "G1 Refine#1" [stack: 0x0000000cd7b00000,0x0000000cd7c00000] [id=17476]
  0x0000013e466e0ab0 ConcurrentGCThread "G1 Service" [stack: 0x0000000cd6900000,0x0000000cd6a00000] [id=21180]

Threads with active compile tasks:
C2 CompilerThread0    82309 3878       4       java.lang.Class::getDeclaredAnnotations (11 bytes)

VM state: not at safepoint (normal execution)

VM Mutex/Monitor currently owned by a thread: None

Heap address: 0x00000000a1000000, size: 1520 MB, Compressed Oops mode: 32-bit

CDS archive(s) mapped at: [0x0000000800000000-0x0000000800bd0000-0x0000000800bd0000), size 12386304, SharedBaseAddress: 0x0000000800000000, ArchiveRelocationMode: 0.
Compressed class space mapped at: 0x0000000800c00000-0x0000000840c00000, reserved size: 1073741824
Narrow klass base: 0x0000000800000000, Narrow klass shift: 0, Narrow klass range: 0x100000000

GC Precious Log:
 CPUs: 8 total, 8 available
 Memory: 6077M
 Large Page Support: Disabled
 NUMA Support: Disabled
 Compressed Oops: Enabled (32-bit)
 Heap Region Size: 1M
 Heap Min Capacity: 8M
 Heap Initial Capacity: 96M
 Heap Max Capacity: 1520M
 Pre-touch: Disabled
 Parallel Workers: 8
 Concurrent Workers: 2
 Concurrent Refinement Workers: 8
 Periodic GC: Disabled

Heap:
 garbage-first heap   total 58368K, used 43653K [0x00000000a1000000, 0x0000000100000000)
  region size 1024K, 32 young (32768K), 4 survivors (4096K)
 Metaspace       used 25883K, committed 26240K, reserved 1073152K
  class space    used 3330K, committed 3520K, reserved 1048576K

Heap Regions: E=young(eden), S=young(survivor), O=old, HS=humongous(starts), HC=humongous(continues), CS=collection set, F=free, OA=open archive, CA=closed archive, TAMS=top-at-mark-start (previous, next)
|   0|0x00000000a1000000, 0x00000000a1100000, 0x00000000a1100000|100%|HS|  |TAMS 0x00000000a1100000, 0x00000000a1000000| Complete 
|   1|0x00000000a1100000, 0x00000000a1200000, 0x00000000a1200000|100%| O|  |TAMS 0x00000000a1200000, 0x00000000a1100000| Untracked 
|   2|0x00000000a1200000, 0x00000000a1200000, 0x00000000a1300000|  0%| F|  |TAMS 0x00000000a1200000, 0x00000000a1200000| Untracked 
|   3|0x00000000a1300000, 0x00000000a1400000, 0x00000000a1400000|100%| O|  |TAMS 0x00000000a1400000, 0x00000000a1300000| Untracked 
|   4|0x00000000a1400000, 0x00000000a1500000, 0x00000000a1500000|100%| O|  |TAMS 0x00000000a1500000, 0x00000000a1400000| Untracked 
|   5|0x00000000a1500000, 0x00000000a1600000, 0x00000000a1600000|100%| O|  |TAMS 0x00000000a1600000, 0x00000000a1500000| Untracked 
|   6|0x00000000a1600000, 0x00000000a1700000, 0x00000000a1700000|100%| O|  |TAMS 0x00000000a1700000, 0x00000000a1600000| Untracked 
|   7|0x00000000a1700000, 0x00000000a1800000, 0x00000000a1800000|100%| O|  |TAMS 0x00000000a1800000, 0x00000000a1700000| Untracked 
|   8|0x00000000a1800000, 0x00000000a1900000, 0x00000000a1900000|100%| O|  |TAMS 0x00000000a1900000, 0x00000000a1800000| Untracked 
|   9|0x00000000a1900000, 0x00000000a1a00000, 0x00000000a1a00000|100%| O|  |TAMS 0x00000000a1a00000, 0x00000000a1900000| Untracked 
|  10|0x00000000a1a00000, 0x00000000a1b00000, 0x00000000a1b00000|100%| O|  |TAMS 0x00000000a1a9f200, 0x00000000a1a00000| Untracked 
|  11|0x00000000a1b00000, 0x00000000a1c00000, 0x00000000a1c00000|100%| O|  |TAMS 0x00000000a1b00000, 0x00000000a1b00000| Untracked 
|  12|0x00000000a1c00000, 0x00000000a1ca1400, 0x00000000a1d00000| 62%| O|  |TAMS 0x00000000a1c00000, 0x00000000a1c00000| Untracked 
|  13|0x00000000a1d00000, 0x00000000a1d00000, 0x00000000a1e00000|  0%| F|  |TAMS 0x00000000a1d00000, 0x00000000a1d00000| Untracked 
|  14|0x00000000a1e00000, 0x00000000a1e00000, 0x00000000a1f00000|  0%| F|  |TAMS 0x00000000a1e00000, 0x00000000a1e00000| Untracked 
|  15|0x00000000a1f00000, 0x00000000a1f00000, 0x00000000a2000000|  0%| F|  |TAMS 0x00000000a1f00000, 0x00000000a1f00000| Untracked 
|  16|0x00000000a2000000, 0x00000000a2000000, 0x00000000a2100000|  0%| F|  |TAMS 0x00000000a2000000, 0x00000000a2000000| Untracked 
|  17|0x00000000a2100000, 0x00000000a2100000, 0x00000000a2200000|  0%| F|  |TAMS 0x00000000a2100000, 0x00000000a2100000| Untracked 
|  18|0x00000000a2200000, 0x00000000a2200000, 0x00000000a2300000|  0%| F|  |TAMS 0x00000000a2200000, 0x00000000a2200000| Untracked 
|  19|0x00000000a2300000, 0x00000000a2300000, 0x00000000a2400000|  0%| F|  |TAMS 0x00000000a2300000, 0x00000000a2300000| Untracked 
|  20|0x00000000a2400000, 0x00000000a2400000, 0x00000000a2500000|  0%| F|  |TAMS 0x00000000a2400000, 0x00000000a2400000| Untracked 
|  21|0x00000000a2500000, 0x00000000a2500000, 0x00000000a2600000|  0%| F|  |TAMS 0x00000000a2500000, 0x00000000a2500000| Untracked 
|  22|0x00000000a2600000, 0x00000000a2600000, 0x00000000a2700000|  0%| F|  |TAMS 0x00000000a2600000, 0x00000000a2600000| Untracked 
|  23|0x00000000a2700000, 0x00000000a2700000, 0x00000000a2800000|  0%| F|  |TAMS 0x00000000a2700000, 0x00000000a2700000| Untracked 
|  24|0x00000000a2800000, 0x00000000a2800000, 0x00000000a2900000|  0%| F|  |TAMS 0x00000000a2800000, 0x00000000a2800000| Untracked 
|  25|0x00000000a2900000, 0x00000000a2980800, 0x00000000a2a00000| 50%| E|  |TAMS 0x00000000a2900000, 0x00000000a2900000| Complete 
|  26|0x00000000a2a00000, 0x00000000a2b00000, 0x00000000a2b00000|100%| E|CS|TAMS 0x00000000a2a00000, 0x00000000a2a00000| Complete 
|  27|0x00000000a2b00000, 0x00000000a2c00000, 0x00000000a2c00000|100%| E|CS|TAMS 0x00000000a2b00000, 0x00000000a2b00000| Complete 
|  28|0x00000000a2c00000, 0x00000000a2d00000, 0x00000000a2d00000|100%| E|CS|TAMS 0x00000000a2c00000, 0x00000000a2c00000| Complete 
|  29|0x00000000a2d00000, 0x00000000a2e00000, 0x00000000a2e00000|100%| E|CS|TAMS 0x00000000a2d00000, 0x00000000a2d00000| Complete 
|  30|0x00000000a2e00000, 0x00000000a2f00000, 0x00000000a2f00000|100%| E|CS|TAMS 0x00000000a2e00000, 0x00000000a2e00000| Complete 
|  31|0x00000000a2f00000, 0x00000000a3000000, 0x00000000a3000000|100%| E|CS|TAMS 0x00000000a2f00000, 0x00000000a2f00000| Complete 
|  32|0x00000000a3000000, 0x00000000a3100000, 0x00000000a3100000|100%| E|CS|TAMS 0x00000000a3000000, 0x00000000a3000000| Complete 
|  33|0x00000000a3100000, 0x00000000a3200000, 0x00000000a3200000|100%| E|CS|TAMS 0x00000000a3100000, 0x00000000a3100000| Complete 
|  34|0x00000000a3200000, 0x00000000a3300000, 0x00000000a3300000|100%| E|CS|TAMS 0x00000000a3200000, 0x00000000a3200000| Complete 
|  35|0x00000000a3300000, 0x00000000a3400000, 0x00000000a3400000|100%| E|CS|TAMS 0x00000000a3300000, 0x00000000a3300000| Complete 
|  36|0x00000000a3400000, 0x00000000a3500000, 0x00000000a3500000|100%| E|CS|TAMS 0x00000000a3400000, 0x00000000a3400000| Complete 
|  37|0x00000000a3500000, 0x00000000a3600000, 0x00000000a3600000|100%| E|CS|TAMS 0x00000000a3500000, 0x00000000a3500000| Complete 
|  38|0x00000000a3600000, 0x00000000a3700000, 0x00000000a3700000|100%| E|CS|TAMS 0x00000000a3600000, 0x00000000a3600000| Complete 
|  39|0x00000000a3700000, 0x00000000a3800000, 0x00000000a3800000|100%| E|CS|TAMS 0x00000000a3700000, 0x00000000a3700000| Complete 
|  40|0x00000000a3800000, 0x00000000a3900000, 0x00000000a3900000|100%| E|CS|TAMS 0x00000000a3800000, 0x00000000a3800000| Complete 
|  41|0x00000000a3900000, 0x00000000a3a00000, 0x00000000a3a00000|100%| E|CS|TAMS 0x00000000a3900000, 0x00000000a3900000| Complete 
|  42|0x00000000a3a00000, 0x00000000a3b00000, 0x00000000a3b00000|100%| E|CS|TAMS 0x00000000a3a00000, 0x00000000a3a00000| Complete 
|  43|0x00000000a3b00000, 0x00000000a3c00000, 0x00000000a3c00000|100%| E|CS|TAMS 0x00000000a3b00000, 0x00000000a3b00000| Complete 
|  44|0x00000000a3c00000, 0x00000000a3d00000, 0x00000000a3d00000|100%| E|CS|TAMS 0x00000000a3c00000, 0x00000000a3c00000| Complete 
|  45|0x00000000a3d00000, 0x00000000a3e00000, 0x00000000a3e00000|100%| E|CS|TAMS 0x00000000a3d00000, 0x00000000a3d00000| Complete 
|  46|0x00000000a3e00000, 0x00000000a3f00000, 0x00000000a3f00000|100%| E|CS|TAMS 0x00000000a3e00000, 0x00000000a3e00000| Complete 
|  47|0x00000000a3f00000, 0x00000000a4000000, 0x00000000a4000000|100%| E|CS|TAMS 0x00000000a3f00000, 0x00000000a3f00000| Complete 
|  48|0x00000000a4000000, 0x00000000a4100000, 0x00000000a4100000|100%| E|CS|TAMS 0x00000000a4000000, 0x00000000a4000000| Complete 
|  49|0x00000000a4100000, 0x00000000a4200000, 0x00000000a4200000|100%| E|CS|TAMS 0x00000000a4100000, 0x00000000a4100000| Complete 
|  50|0x00000000a4200000, 0x00000000a4300000, 0x00000000a4300000|100%| E|CS|TAMS 0x00000000a4200000, 0x00000000a4200000| Complete 
|  51|0x00000000a4300000, 0x00000000a4400000, 0x00000000a4400000|100%| E|CS|TAMS 0x00000000a4300000, 0x00000000a4300000| Complete 
|  87|0x00000000a6700000, 0x00000000a6800000, 0x00000000a6800000|100%| S|CS|TAMS 0x00000000a6700000, 0x00000000a6700000| Complete 
|  88|0x00000000a6800000, 0x00000000a6900000, 0x00000000a6900000|100%| S|CS|TAMS 0x00000000a6800000, 0x00000000a6800000| Complete 
|  89|0x00000000a6900000, 0x00000000a6a00000, 0x00000000a6a00000|100%| S|CS|TAMS 0x00000000a6900000, 0x00000000a6900000| Complete 
|  90|0x00000000a6a00000, 0x00000000a6b00000, 0x00000000a6b00000|100%| S|CS|TAMS 0x00000000a6a00000, 0x00000000a6a00000| Complete 
|  95|0x00000000a6f00000, 0x00000000a7000000, 0x00000000a7000000|100%| E|CS|TAMS 0x00000000a6f00000, 0x00000000a6f00000| Complete 

Card table byte_map: [0x0000013e408d0000,0x0000013e40bd0000] _byte_map_base: 0x0000013e403c8000

Marking Bits (Prev, Next): (CMBitMap*) 0x0000013e29a78820, (CMBitMap*) 0x0000013e29a787e0
 Prev Bits: [0x0000013e42690000, 0x0000013e43e50000)
 Next Bits: [0x0000013e40ed0000, 0x0000013e42690000)

Polling page: 0x0000013e291f0000

Metaspace:

Usage:
  Non-class:     22.02 MB used.
      Class:      3.25 MB used.
       Both:     25.28 MB used.

Virtual space:
  Non-class space:       24.00 MB reserved,      22.19 MB ( 92%) committed,  3 nodes.
      Class space:        1.00 GB reserved,       3.44 MB ( <1%) committed,  1 nodes.
             Both:        1.02 GB reserved,      25.62 MB (  2%) committed. 

Chunk freelists:
   Non-Class:  1.02 MB
       Class:  421.00 KB
        Both:  1.43 MB

MaxMetaspaceSize: unlimited
CompressedClassSpaceSize: 1.00 GB
Initial GC threshold: 21.00 MB
Current GC threshold: 35.12 MB
CDS: on
MetaspaceReclaimPolicy: balanced
 - commit_granule_bytes: 65536.
 - commit_granule_words: 8192.
 - virtual_space_node_default_size: 1048576.
 - enlarge_chunks_in_place: 1.
 - new_chunks_are_fully_committed: 0.
 - uncommit_free_chunks: 1.
 - use_allocation_guard: 0.
 - handle_deallocations: 1.


Internal statistics:

num_allocs_failed_limit: 3.
num_arena_births: 422.
num_arena_deaths: 0.
num_vsnodes_births: 4.
num_vsnodes_deaths: 0.
num_space_committed: 410.
num_space_uncommitted: 0.
num_chunks_returned_to_freelist: 3.
num_chunks_taken_from_freelist: 1398.
num_chunk_merges: 0.
num_chunk_splits: 929.
num_chunks_enlarged: 666.
num_purges: 0.
num_inconsistent_stats: 0.

CodeHeap 'non-profiled nmethods': size=120000Kb used=2368Kb max_used=2368Kb free=117631Kb
 bounds [0x0000013e38d70000, 0x0000013e38fe0000, 0x0000013e402a0000]
CodeHeap 'profiled nmethods': size=120000Kb used=8635Kb max_used=8635Kb free=111364Kb
 bounds [0x0000013e312a0000, 0x0000013e31b10000, 0x0000013e387d0000]
CodeHeap 'non-nmethods': size=5760Kb used=1188Kb max_used=1236Kb free=4571Kb
 bounds [0x0000013e387d0000, 0x0000013e38a40000, 0x0000013e38d70000]
 total_blobs=4361 nmethods=3877 adapters=396
 compilation: enabled
              stopped_count=0, restarted_count=0
 full_count=0

Compilation events (20 events):
Event: 81.582 Thread 0x0000013e46860e60 3877       3       java.util.Arrays::sort (47 bytes)
Event: 81.584 Thread 0x0000013e46860e60 nmethod 3877 0x0000013e31b0a010 code [0x0000013e31b0a1e0, 0x0000013e31b0a428]
Event: 81.631 Thread 0x0000013e4684c550 nmethod 3872 0x0000013e38fbc310 code [0x0000013e38fbc580, 0x0000013e38fbd5b0]
Event: 81.632 Thread 0x0000013e4684c550 3873       4       org.springframework.util.ConcurrentReferenceHashMap$Segment::getReference (55 bytes)
Event: 81.691 Thread 0x0000013e4684c550 nmethod 3873 0x0000013e38fbdd10 code [0x0000013e38fbdf60, 0x0000013e38fbed50]
Event: 81.691 Thread 0x0000013e4684c550 3867       4       org.springframework.core.annotation.MergedAnnotations$Search$$Lambda$22/0x0000000800c2f3e8::test (8 bytes)
Event: 81.694 Thread 0x0000013e4684c550 nmethod 3867 0x0000013e38fbf410 code [0x0000013e38fbf580, 0x0000013e38fbf618]
Event: 81.694 Thread 0x0000013e4684c550 3858       4       java.lang.reflect.AccessibleObject::<init> (5 bytes)
Event: 81.695 Thread 0x0000013e4684c550 nmethod 3858 0x0000013e38fbf710 code [0x0000013e38fbf880, 0x0000013e38fbf8f8]
Event: 81.695 Thread 0x0000013e4684c550 3868       4       java.lang.reflect.Method::hashCode (19 bytes)
Event: 81.721 Thread 0x0000013e46860e60 3879       3       org.springframework.boot.context.properties.bind.AbstractBindHandler::onFinish (15 bytes)
Event: 81.722 Thread 0x0000013e46860e60 nmethod 3879 0x0000013e31b0a510 code [0x0000013e31b0a6c0, 0x0000013e31b0a888]
Event: 81.728 Thread 0x0000013e4684c550 nmethod 3868 0x0000013e38fbfa10 code [0x0000013e38fbfba0, 0x0000013e38fbffe8]
Event: 81.728 Thread 0x0000013e4684c550 3878       4       java.lang.Class::getDeclaredAnnotations (11 bytes)
Event: 81.770 Thread 0x0000013e46860e60 3881       3       org.springframework.core.annotation.AnnotationUtils::isCandidateClass (22 bytes)
Event: 81.772 Thread 0x0000013e46860e60 nmethod 3881 0x0000013e31b0a990 code [0x0000013e31b0aba0, 0x0000013e31b0b0c8]
Event: 81.789 Thread 0x0000013e46860e60 3882       3       jdk.internal.org.objectweb.asm.Type::getObjectType (31 bytes)
Event: 81.791 Thread 0x0000013e46860e60 nmethod 3882 0x0000013e31b0b290 code [0x0000013e31b0b4c0, 0x0000013e31b0bcf8]
Event: 81.791 Thread 0x0000013e46860e60 3883       3       jdk.internal.org.objectweb.asm.Type::getClassName (172 bytes)
Event: 81.796 Thread 0x0000013e46860e60 nmethod 3883 0x0000013e31b0c090 code [0x0000013e31b0c420, 0x0000013e31b0d8c8]

GC Heap History (10 events):
Event: 19.292 GC heap before
{Heap before GC invocations=0 (full 0):
 garbage-first heap   total 98304K, used 25600K [0x00000000a1000000, 0x0000000100000000)
  region size 1024K, 23 young (23552K), 0 survivors (0K)
 Metaspace       used 4379K, committed 4544K, reserved 1056768K
  class space    used 498K, committed 576K, reserved 1048576K
}
Event: 19.431 GC heap after
{Heap after GC invocations=1 (full 0):
 garbage-first heap   total 98304K, used 8992K [0x00000000a1000000, 0x0000000100000000)
  region size 1024K, 3 young (3072K), 3 survivors (3072K)
 Metaspace       used 4379K, committed 4544K, reserved 1056768K
  class space    used 498K, committed 576K, reserved 1048576K
}
Event: 30.096 GC heap before
{Heap before GC invocations=1 (full 0):
 garbage-first heap   total 98304K, used 26400K [0x00000000a1000000, 0x0000000100000000)
  region size 1024K, 20 young (20480K), 3 survivors (3072K)
 Metaspace       used 7919K, committed 8128K, reserved 1056768K
  class space    used 968K, committed 1088K, reserved 1048576K
}
Event: 30.131 GC heap after
{Heap after GC invocations=2 (full 0):
 garbage-first heap   total 98304K, used 11088K [0x00000000a1000000, 0x0000000100000000)
  region size 1024K, 2 young (2048K), 2 survivors (2048K)
 Metaspace       used 7919K, committed 8128K, reserved 1056768K
  class space    used 968K, committed 1088K, reserved 1048576K
}
Event: 34.232 GC heap before
{Heap before GC invocations=2 (full 0):
 garbage-first heap   total 98304K, used 35664K [0x00000000a1000000, 0x0000000100000000)
  region size 1024K, 27 young (27648K), 2 survivors (2048K)
 Metaspace       used 14350K, committed 14528K, reserved 1064960K
  class space    used 1757K, committed 1856K, reserved 1048576K
}
Event: 34.268 GC heap after
{Heap after GC invocations=3 (full 0):
 garbage-first heap   total 98304K, used 13042K [0x00000000a1000000, 0x0000000100000000)
  region size 1024K, 4 young (4096K), 4 survivors (4096K)
 Metaspace       used 14350K, committed 14528K, reserved 1064960K
  class space    used 1757K, committed 1856K, reserved 1048576K
}
Event: 50.101 GC heap before
{Heap before GC invocations=3 (full 0):
 garbage-first heap   total 98304K, used 62194K [0x00000000a1000000, 0x0000000100000000)
  region size 1024K, 53 young (54272K), 4 survivors (4096K)
 Metaspace       used 20485K, committed 20736K, reserved 1073152K
  class space    used 2513K, committed 2624K, reserved 1048576K
}
Event: 50.283 GC heap after
{Heap after GC invocations=4 (full 0):
 garbage-first heap   total 98304K, used 16734K [0x00000000a1000000, 0x0000000100000000)
  region size 1024K, 6 young (6144K), 6 survivors (6144K)
 Metaspace       used 20485K, committed 20736K, reserved 1073152K
  class space    used 2513K, committed 2624K, reserved 1048576K
}
Event: 52.407 GC heap before
{Heap before GC invocations=4 (full 0):
 garbage-first heap   total 98304K, used 20830K [0x00000000a1000000, 0x0000000100000000)
  region size 1024K, 11 young (11264K), 6 survivors (6144K)
 Metaspace       used 21228K, committed 21504K, reserved 1073152K
  class space    used 2621K, committed 2752K, reserved 1048576K
}
Event: 52.511 GC heap after
{Heap after GC invocations=5 (full 0):
 garbage-first heap   total 98304K, used 17029K [0x00000000a1000000, 0x0000000100000000)
  region size 1024K, 4 young (4096K), 4 survivors (4096K)
 Metaspace       used 21228K, committed 21504K, reserved 1073152K
  class space    used 2621K, committed 2752K, reserved 1048576K
}

Deoptimization events (20 events):
Event: 77.771 Thread 0x0000013e47a88220 Uncommon trap: trap_request=0xffffffc6 fr.pc=0x0000013e38e2bf8c relative=0x00000000000002cc
Event: 77.771 Thread 0x0000013e47a88220 Uncommon trap: reason=bimorphic_or_optimized_type_check action=maybe_recompile pc=0x0000013e38e2bf8c method=java.util.HashMap.getNode(Ljava/lang/Object;)Ljava/util/HashMap$Node; @ 128 c2
Event: 77.771 Thread 0x0000013e47a88220 DEOPT PACKING pc=0x0000013e38e2bf8c sp=0x0000000cd7dfbff0
Event: 77.771 Thread 0x0000013e47a88220 DEOPT UNPACKING pc=0x0000013e388223a3 sp=0x0000000cd7dfbf58 mode 2
Event: 77.831 Thread 0x0000013e47a88220 Uncommon trap: trap_request=0xffffffc6 fr.pc=0x0000013e38f58398 relative=0x00000000000002d8
Event: 77.833 Thread 0x0000013e47a88220 Uncommon trap: reason=bimorphic_or_optimized_type_check action=maybe_recompile pc=0x0000013e38f58398 method=java.util.Collections$SetFromMap.contains(Ljava/lang/Object;)Z @ 5 c2
Event: 77.833 Thread 0x0000013e47a88220 DEOPT PACKING pc=0x0000013e38f58398 sp=0x0000000cd7dfb1a0
Event: 77.834 Thread 0x0000013e47a88220 DEOPT UNPACKING pc=0x0000013e388223a3 sp=0x0000000cd7dfb148 mode 2
Event: 78.682 Thread 0x0000013e47a88220 Uncommon trap: trap_request=0xffffffde fr.pc=0x0000013e38e31834 relative=0x0000000000000f94
Event: 78.682 Thread 0x0000013e47a88220 Uncommon trap: reason=class_check action=maybe_recompile pc=0x0000013e38e31834 method=java.util.concurrent.ConcurrentHashMap.putVal(Ljava/lang/Object;Ljava/lang/Object;Z)Ljava/lang/Object; @ 242 c2
Event: 78.682 Thread 0x0000013e47a88220 DEOPT PACKING pc=0x0000013e38e31834 sp=0x0000000cd7dfac30
Event: 78.682 Thread 0x0000013e47a88220 DEOPT UNPACKING pc=0x0000013e388223a3 sp=0x0000000cd7dfaba0 mode 2
Event: 78.729 Thread 0x0000013e47a88220 Uncommon trap: trap_request=0xffffffde fr.pc=0x0000013e38e31834 relative=0x0000000000000f94
Event: 78.729 Thread 0x0000013e47a88220 Uncommon trap: reason=class_check action=maybe_recompile pc=0x0000013e38e31834 method=java.util.concurrent.ConcurrentHashMap.putVal(Ljava/lang/Object;Ljava/lang/Object;Z)Ljava/lang/Object; @ 242 c2
Event: 78.729 Thread 0x0000013e47a88220 DEOPT PACKING pc=0x0000013e38e31834 sp=0x0000000cd7dfcee0
Event: 78.729 Thread 0x0000013e47a88220 DEOPT UNPACKING pc=0x0000013e388223a3 sp=0x0000000cd7dfce50 mode 2
Event: 79.854 Thread 0x0000013e47a88220 Uncommon trap: trap_request=0xffffffc6 fr.pc=0x0000013e38f58398 relative=0x00000000000002d8
Event: 79.864 Thread 0x0000013e47a88220 Uncommon trap: reason=bimorphic_or_optimized_type_check action=maybe_recompile pc=0x0000013e38f58398 method=java.util.Collections$SetFromMap.contains(Ljava/lang/Object;)Z @ 5 c2
Event: 79.866 Thread 0x0000013e47a88220 DEOPT PACKING pc=0x0000013e38f58398 sp=0x0000000cd7df9ac0
Event: 79.866 Thread 0x0000013e47a88220 DEOPT UNPACKING pc=0x0000013e388223a3 sp=0x0000000cd7df9a68 mode 2

Classes unloaded (0 events):
No events

Classes redefined (0 events):
No events

Internal exceptions (20 events):
Event: 60.732 Thread 0x0000013e47a88220 Exception <a 'java/lang/NoSuchMethodError'{0x00000000a3bca400}: 'int java.lang.invoke.Invokers$Holder.linkToTargetMethod(java.lang.Object, java.lang.Object, java.lang.Object)'> (0x00000000a3bca400) 
thrown [s\open\src\hotspot\share\interpreter\linkResolver.cpp, line 759]
Event: 63.314 Thread 0x0000013e47a88220 Exception <a 'java/lang/NoClassDefFoundError'{0x00000000a3956058}: org/flywaydb/core/Flyway> (0x00000000a3956058) 
thrown [s\open\src\hotspot\share\classfile\systemDictionary.cpp, line 245]
Event: 63.363 Thread 0x0000013e47a88220 Exception <a 'java/lang/NoClassDefFoundError'{0x00000000a3957988}: liquibase/integration/spring/SpringLiquibase> (0x00000000a3957988) 
thrown [s\open\src\hotspot\share\classfile\systemDictionary.cpp, line 245]
Event: 65.562 Thread 0x0000013e47a88220 Exception <a 'java/lang/NoClassDefFoundError'{0x00000000a379b108}: org/jooq/DSLContext> (0x00000000a379b108) 
thrown [s\open\src\hotspot\share\classfile\systemDictionary.cpp, line 245]
Event: 65.666 Thread 0x0000013e47a88220 Exception <a 'java/lang/NoClassDefFoundError'{0x00000000a37a9b70}: org/springframework/batch/core/repository/JobRepository> (0x00000000a37a9b70) 
thrown [s\open\src\hotspot\share\classfile\systemDictionary.cpp, line 245]
Event: 65.668 Thread 0x0000013e47a88220 Exception <a 'java/lang/NoClassDefFoundError'{0x00000000a37ab188}: org/quartz/Scheduler> (0x00000000a37ab188) 
thrown [s\open\src\hotspot\share\classfile\systemDictionary.cpp, line 245]
Event: 65.684 Thread 0x0000013e47a88220 Exception <a 'java/lang/NoClassDefFoundError'{0x00000000a37acc80}: org/springframework/session/jdbc/JdbcIndexedSessionRepository> (0x00000000a37acc80) 
thrown [s\open\src\hotspot\share\classfile\systemDictionary.cpp, line 245]
Event: 67.956 Thread 0x0000013e47a88220 Exception <a 'java/lang/NoSuchMethodError'{0x00000000a36d5d30}: 'void java.lang.invoke.DirectMethodHandle$Holder.invokeSpecial(java.lang.Object, java.lang.Object, java.lang.Object, java.lang.Object, java.lang.Object, java.lang.Object)'> (0x00000000a36d5d30) 
thrown [s\open\src\hotspot\share\interpreter\linkResolver.cpp, line 759]
Event: 72.003 Thread 0x0000013e47a88220 Implicit null exception at 0x0000013e38f6184c to 0x0000013e38f61a20
Event: 73.367 Thread 0x0000013e47a88220 Exception <a 'java/lang/NoSuchMethodError'{0x00000000a325cff0}: 'java.lang.Object java.lang.invoke.DirectMethodHandle$Holder.invokeSpecialIFC(java.lang.Object, java.lang.Object, java.lang.Object)'> (0x00000000a325cff0) 
thrown [s\open\src\hotspot\share\interpreter\linkResolver.cpp, line 759]
Event: 78.161 Thread 0x0000013e47a88220 Exception <a 'java/lang/NoSuchMethodError'{0x00000000a2fe5860}: 'void java.lang.invoke.DirectMethodHandle$Holder.invokeStatic(java.lang.Object, java.lang.Object, int)'> (0x00000000a2fe5860) 
thrown [s\open\src\hotspot\share\interpreter\linkResolver.cpp, line 759]
Event: 78.851 Thread 0x0000013e47a88220 Exception <a 'java/lang/NoSuchMethodError'{0x00000000a2d78710}: 'void java.lang.invoke.DirectMethodHandle$Holder.invokeInterface(java.lang.Object, java.lang.Object, int)'> (0x00000000a2d78710) 
thrown [s\open\src\hotspot\share\interpreter\linkResolver.cpp, line 759]
Event: 79.015 Thread 0x0000013e47a88220 Exception <a 'java/lang/IncompatibleClassChangeError'{0x00000000a2dc8270}: Found class java.lang.Object, but interface was expected> (0x00000000a2dc8270) 
thrown [s\open\src\hotspot\share\interpreter\linkResolver.cpp, line 826]
Event: 79.047 Thread 0x0000013e47a88220 Exception <a 'java/lang/NoSuchMethodError'{0x00000000a2dd8d38}: 'int java.lang.invoke.DirectMethodHandle$Holder.invokeSpecialIFC(java.lang.Object, java.lang.Object, java.lang.Object)'> (0x00000000a2dd8d38) 
thrown [s\open\src\hotspot\share\interpreter\linkResolver.cpp, line 759]
Event: 79.056 Thread 0x0000013e47a88220 Exception <a 'java/lang/NoSuchMethodError'{0x00000000a2de6bd0}: 'void java.lang.invoke.DirectMethodHandle$Holder.invokeStatic(java.lang.Object, int, java.lang.Object)'> (0x00000000a2de6bd0) 
thrown [s\open\src\hotspot\share\interpreter\linkResolver.cpp, line 759]
Event: 79.159 Thread 0x0000013e47a88220 Exception <a 'java/lang/NoSuchMethodError'{0x00000000a2c233b0}: 'void java.lang.invoke.DirectMethodHandle$Holder.invokeVirtual(java.lang.Object, java.lang.Object, int)'> (0x00000000a2c233b0) 
thrown [s\open\src\hotspot\share\interpreter\linkResolver.cpp, line 759]
Event: 79.161 Thread 0x0000013e47a88220 Exception <a 'java/lang/NoSuchMethodError'{0x00000000a2c295f8}: 'void java.lang.invoke.DirectMethodHandle$Holder.invokeStatic(java.lang.Object, java.lang.Object, java.lang.Object, int, java.lang.Object)'> (0x00000000a2c295f8) 
thrown [s\open\src\hotspot\share\interpreter\linkResolver.cpp, line 759]
Event: 79.191 Thread 0x0000013e47a88220 Exception <a 'java/lang/NoSuchMethodError'{0x00000000a2c30a78}: 'java.lang.Object java.lang.invoke.DirectMethodHandle$Holder.newInvokeSpecial(java.lang.Object, java.lang.Object, java.lang.Object, int)'> (0x00000000a2c30a78) 
thrown [s\open\src\hotspot\share\interpreter\linkResolver.cpp, line 759]
Event: 79.195 Thread 0x0000013e47a88220 Exception <a 'java/lang/NoSuchMethodError'{0x00000000a2c34d60}: 'java.lang.Object java.lang.invoke.DirectMethodHandle$Holder.invokeSpecial(java.lang.Object, java.lang.Object, java.lang.Object, java.lang.Object, int)'> (0x00000000a2c34d60) 
thrown [s\open\src\hotspot\share\interpreter\linkResolver.cpp, line 759]
Event: 79.199 Thread 0x0000013e47a88220 Exception <a 'java/lang/NoSuchMethodError'{0x00000000a2c38928}: 'java.lang.Object java.lang.invoke.Invokers$Holder.linkToTargetMethod(java.lang.Object, java.lang.Object, int, java.lang.Object)'> (0x00000000a2c38928) 
thrown [s\open\src\hotspot\share\interpreter\linkResolver.cpp, line 759]

VM Operations (20 events):
Event: 72.379 Executing VM operation: Cleanup
Event: 72.401 Executing VM operation: Cleanup done
Event: 72.904 Executing VM operation: HandshakeAllThreads
Event: 72.904 Executing VM operation: HandshakeAllThreads done
Event: 73.905 Executing VM operation: Cleanup
Event: 73.938 Executing VM operation: Cleanup done
Event: 74.955 Executing VM operation: Cleanup
Event: 74.969 Executing VM operation: Cleanup done
Event: 75.976 Executing VM operation: Cleanup
Event: 76.012 Executing VM operation: Cleanup done
Event: 77.014 Executing VM operation: Cleanup
Event: 77.030 Executing VM operation: Cleanup done
Event: 78.045 Executing VM operation: Cleanup
Event: 78.065 Executing VM operation: Cleanup done
Event: 79.080 Executing VM operation: Cleanup
Event: 79.081 Executing VM operation: Cleanup done
Event: 80.095 Executing VM operation: Cleanup
Event: 80.128 Executing VM operation: Cleanup done
Event: 81.133 Executing VM operation: Cleanup
Event: 81.138 Executing VM operation: Cleanup done

Events (20 events):
Event: 78.086 loading class java/util/function/IntUnaryOperator
Event: 78.106 loading class java/util/function/IntUnaryOperator done
Event: 78.124 loading class java/util/stream/IntPipeline$4
Event: 78.128 loading class java/util/stream/IntPipeline$4 done
Event: 78.375 loading class java/util/stream/ForEachOps$ForEachOp$OfInt
Event: 78.384 loading class java/util/stream/ForEachOps$ForEachOp$OfInt done
Event: 78.384 loading class java/util/stream/IntPipeline$4$1
Event: 78.387 loading class java/util/stream/IntPipeline$4$1 done
Event: 78.745 loading class java/util/function/ObjIntConsumer
Event: 78.749 loading class java/util/function/ObjIntConsumer done
Event: 79.138 loading class javax/management/MBeanRegistrationException
Event: 79.142 loading class javax/management/MBeanException
Event: 79.146 loading class javax/management/JMException
Event: 79.148 loading class javax/management/JMException done
Event: 79.148 loading class javax/management/MBeanException done
Event: 79.148 loading class javax/management/MBeanRegistrationException done
Event: 79.148 loading class javax/management/InstanceNotFoundException
Event: 79.152 loading class javax/management/OperationsException
Event: 79.155 loading class javax/management/OperationsException done
Event: 79.155 loading class javax/management/InstanceNotFoundException done


Dynamic libraries:
0x00007ff7408b0000 - 0x00007ff7408c0000 	C:\Program Files\Java\jdk-17\bin\javaw.exe
0x00007ffd3c940000 - 0x00007ffd3cb49000 	C:\Windows\SYSTEM32\ntdll.dll
0x00007ffd3c370000 - 0x00007ffd3c42e000 	C:\Windows\System32\KERNEL32.DLL
0x00007ffd3a280000 - 0x00007ffd3a604000 	C:\Windows\System32\KERNELBASE.dll
0x00007ffd1a3e0000 - 0x00007ffd1a3fb000 	C:\Program Files\Java\jdk-17\bin\VCRUNTIME140.dll
0x00007ffd24a40000 - 0x00007ffd24a59000 	C:\Program Files\Java\jdk-17\bin\jli.dll
0x00007ffd3a0f0000 - 0x00007ffd3a201000 	C:\Windows\System32\ucrtbase.dll
0x00007ffd3b110000 - 0x00007ffd3b1bf000 	C:\Windows\System32\ADVAPI32.dll
0x00007ffd3c580000 - 0x00007ffd3c623000 	C:\Windows\System32\msvcrt.dll
0x00007ffd3c430000 - 0x00007ffd3c4ce000 	C:\Windows\System32\sechost.dll
0x00007ffd3bba0000 - 0x00007ffd3bcc1000 	C:\Windows\System32\RPCRT4.dll
0x00007ffd3bcd0000 - 0x00007ffd3be7d000 	C:\Windows\System32\USER32.dll
0x00007ffd3a610000 - 0x00007ffd3a636000 	C:\Windows\System32\win32u.dll
0x00007ffd3c8d0000 - 0x00007ffd3c8fa000 	C:\Windows\System32\GDI32.dll
0x00007ffd19aa0000 - 0x00007ffd19d45000 	C:\Windows\WinSxS\amd64_microsoft.windows.common-controls_6595b64144ccf1df_6.0.22000.120_none_9d947278b86cc467\COMCTL32.dll
0x00007ffd39df0000 - 0x00007ffd39f0f000 	C:\Windows\System32\gdi32full.dll
0x00007ffd3a050000 - 0x00007ffd3a0ed000 	C:\Windows\System32\msvcp_win.dll
0x00007ffd33810000 - 0x00007ffd3381a000 	C:\Windows\SYSTEM32\VERSION.dll
0x00007ffd3af00000 - 0x00007ffd3af31000 	C:\Windows\System32\IMM32.DLL
0x00007ffd39b90000 - 0x00007ffd39ca0000 	C:\Program Files\Avecto\Privilege Guard Client\PGHook.dll
0x00007ffd25080000 - 0x00007ffd2508c000 	C:\Program Files\Java\jdk-17\bin\vcruntime140_1.dll
0x00007ffd0a490000 - 0x00007ffd0a51e000 	C:\Program Files\Java\jdk-17\bin\msvcp140.dll
0x00007ffccf020000 - 0x00007ffccfbfd000 	C:\Program Files\Java\jdk-17\bin\server\jvm.dll
0x00007ffd3c7d0000 - 0x00007ffd3c7d8000 	C:\Windows\System32\PSAPI.DLL
0x00007ffd1fc70000 - 0x00007ffd1fc79000 	C:\Windows\SYSTEM32\WSOCK32.dll
0x00007ffd3a8a0000 - 0x00007ffd3a90f000 	C:\Windows\System32\WS2_32.dll
0x00007ffd33fa0000 - 0x00007ffd33fd3000 	C:\Windows\SYSTEM32\WINMM.dll
0x00007ffd38c00000 - 0x00007ffd38c18000 	C:\Windows\SYSTEM32\kernel.appcore.dll
0x00007ffd24a30000 - 0x00007ffd24a3a000 	C:\Program Files\Java\jdk-17\bin\jimage.dll
0x00007ffd36d40000 - 0x00007ffd36f61000 	C:\Windows\SYSTEM32\DBGHELP.DLL
0x00007ffd276f0000 - 0x00007ffd27721000 	C:\Windows\SYSTEM32\dbgcore.DLL
0x00007ffd39fd0000 - 0x00007ffd3a04f000 	C:\Windows\System32\bcryptPrimitives.dll
0x00007ffd15da0000 - 0x00007ffd15dc5000 	C:\Program Files\Java\jdk-17\bin\java.dll
0x00007ffcf8380000 - 0x00007ffcf8457000 	C:\Program Files\Java\jdk-17\bin\jsvml.dll
0x00007ffd3b3c0000 - 0x00007ffd3bb85000 	C:\Windows\System32\SHELL32.dll
0x00007ffd37be0000 - 0x00007ffd38444000 	C:\Windows\SYSTEM32\windows.storage.dll
0x00007ffd3a980000 - 0x00007ffd3acf6000 	C:\Windows\System32\combase.dll
0x00007ffd37a70000 - 0x00007ffd37bd7000 	C:\Windows\SYSTEM32\wintypes.dll
0x00007ffd3a7b0000 - 0x00007ffd3a89a000 	C:\Windows\System32\SHCORE.dll
0x00007ffd3c870000 - 0x00007ffd3c8cd000 	C:\Windows\System32\shlwapi.dll
0x00007ffd39d20000 - 0x00007ffd39d41000 	C:\Windows\SYSTEM32\profapi.dll
0x00007ffd122f0000 - 0x00007ffd12309000 	C:\Program Files\Java\jdk-17\bin\net.dll
0x00007ffd38c20000 - 0x00007ffd38d33000 	C:\Windows\SYSTEM32\WINHTTP.dll
0x00007ffd391b0000 - 0x00007ffd39217000 	C:\Windows\system32\mswsock.dll
0x00007ffd122d0000 - 0x00007ffd122e6000 	C:\Program Files\Java\jdk-17\bin\nio.dll
0x00007ffd1a3c0000 - 0x00007ffd1a3d8000 	C:\Program Files\Java\jdk-17\bin\zip.dll
0x00007ffd34050000 - 0x00007ffd3405a000 	C:\Program Files\Java\jdk-17\bin\management.dll
0x00007ffd33e40000 - 0x00007ffd33e4b000 	C:\Program Files\Java\jdk-17\bin\management_ext.dll
0x00007ffd38690000 - 0x00007ffd386bd000 	C:\Windows\SYSTEM32\IPHLPAPI.DLL
0x00007ffd3bb90000 - 0x00007ffd3bb99000 	C:\Windows\System32\NSI.dll
0x00007ffd34510000 - 0x00007ffd34529000 	C:\Windows\SYSTEM32\dhcpcsvc6.DLL
0x00007ffd34b10000 - 0x00007ffd34b2e000 	C:\Windows\SYSTEM32\dhcpcsvc.DLL
0x00007ffd386c0000 - 0x00007ffd387a8000 	C:\Windows\SYSTEM32\DNSAPI.dll
0x00007ffd33900000 - 0x00007ffd3390a000 	C:\Windows\System32\rasadhlp.dll
0x00007ffd339d0000 - 0x00007ffd33a52000 	C:\Windows\System32\fwpuclnt.dll

dbghelp: loaded successfully - version: 4.0.5 - missing functions: none
symbol engine: initialized successfully - sym options: 0x614 - pdb path: .;C:\Program Files\Java\jdk-17\bin;C:\Windows\SYSTEM32;C:\Windows\WinSxS\amd64_microsoft.windows.common-controls_6595b64144ccf1df_6.0.22000.120_none_9d947278b86cc467;C:\Program Files\Avecto\Privilege Guard Client;C:\Program Files\Java\jdk-17\bin\server

VM Arguments:
jvm_args: -Dfile.encoding=UTF-8 -XX:+ShowCodeDetailsInExceptionMessages 
java_command: com.cts.content.ContentApplication
java_class_path (initial): C:\Users\2273757\Downloads\content (2) (1)\content\content\target\classes;C:\Users\2273757\.m2\repository\org\springframework\boot\spring-boot-starter-data-jpa\3.1.0\spring-boot-starter-data-jpa-3.1.0.jar;C:\Users\2273757\.m2\repository\org\springframework\boot\spring-boot-starter-aop\3.1.0\spring-boot-starter-aop-3.1.0.jar;C:\Users\2273757\.m2\repository\org\springframework\spring-aop\6.0.9\spring-aop-6.0.9.jar;C:\Users\2273757\.m2\repository\org\aspectj\aspectjweaver\1.9.19\aspectjweaver-1.9.19.jar;C:\Users\2273757\.m2\repository\org\springframework\boot\spring-boot-starter-jdbc\3.1.0\spring-boot-starter-jdbc-3.1.0.jar;C:\Users\2273757\.m2\repository\com\zaxxer\HikariCP\5.0.1\HikariCP-5.0.1.jar;C:\Users\2273757\.m2\repository\org\springframework\spring-jdbc\6.0.9\spring-jdbc-6.0.9.jar;C:\Users\2273757\.m2\repository\org\hibernate\orm\hibernate-core\6.2.2.Final\hibernate-core-6.2.2.Final.jar;C:\Users\2273757\.m2\repository\jakarta\persistence\jakarta.persistence-api\3.1.0\jakarta.persistence-api-3.1.0.jar;C:\Users\2273757\.m2\repository\jakarta\transaction\jakarta.transaction-api\2.0.1\jakarta.transaction-api-2.0.1.jar;C:\Users\2273757\.m2\repository\org\jboss\logging\jboss-logging\3.5.0.Final\jboss-logging-3.5.0.Final.jar;C:\Users\2273757\.m2\repository\org\hibernate\common\hibernate-commons-annotations\6.0.6.Final\hibernate-commons-annotations-6.0.6.Final.jar;C:\Users\2273757\.m2\repository\io\smallrye\jandex\3.0.5\jandex-3.0.5.jar;C:\Users\2273757\.m2\repository\com\fasterxml\classmate\1.5.1\classmate-1.5.1.jar;C:\Users\2273757\.m2\repository\net\bytebuddy\byte-buddy\1.14.4\byte-buddy-1.14.4.jar;C:\Users\2273757\.m2\repository\org\glassfish\jaxb\jaxb-runtime\4.0.2\jaxb-runtime-4.0.2.jar;C:\Users\2273757\.m2\repository\org\glassfish\jaxb\jaxb-core\4.0.2\jaxb-core-4.0.2.jar;C:\Users\2273757\.m2\repository\org\eclipse\angus\angus-activation\2.0.0\angus-activation-2.0.0.jar;C:\Users\2273757\.m2\repository\org\glassfish\jaxb\txw2\4.0.2\tx
Launcher Type: SUN_STANDARD

[Global flags]
     intx CICompilerCount                          = 4                                         {product} {ergonomic}
     uint ConcGCThreads                            = 2                                         {product} {ergonomic}
     uint G1ConcRefinementThreads                  = 8                                         {product} {ergonomic}
   size_t G1HeapRegionSize                         = 1048576                                   {product} {ergonomic}
    uintx GCDrainStackTargetSize                   = 64                                        {product} {ergonomic}
   size_t InitialHeapSize                          = 100663296                                 {product} {ergonomic}
   size_t MarkStackSize                            = 4194304                                   {product} {ergonomic}
   size_t MaxHeapSize                              = 1593835520                                {product} {ergonomic}
   size_t MaxNewSize                               = 956301312                                 {product} {ergonomic}
   size_t MinHeapDeltaBytes                        = 1048576                                   {product} {ergonomic}
   size_t MinHeapSize                              = 8388608                                   {product} {ergonomic}
    uintx NonNMethodCodeHeapSize                   = 5839372                                {pd product} {ergonomic}
    uintx NonProfiledCodeHeapSize                  = 122909434                              {pd product} {ergonomic}
    uintx ProfiledCodeHeapSize                     = 122909434                              {pd product} {ergonomic}
    uintx ReservedCodeCacheSize                    = 251658240                              {pd product} {ergonomic}
     bool SegmentedCodeCache                       = true                                      {product} {ergonomic}
     bool ShowCodeDetailsInExceptionMessages       = true                                   {manageable} {command line}
   size_t SoftMaxHeapSize                          = 1593835520                             {manageable} {ergonomic}
     bool UseCompressedClassPointers               = true                           {product lp64_product} {ergonomic}
     bool UseCompressedOops                        = true                           {product lp64_product} {ergonomic}
     bool UseG1GC                                  = true                                      {product} {ergonomic}
     bool UseLargePagesIndividualAllocation        = false                                  {pd product} {ergonomic}

Logging:
Log output configuration:
 #0: stdout all=warning uptime,level,tags
 #1: stderr all=off uptime,level,tags

Environment Variables:
JAVA_HOME=C:\Program Files\Java\jdk-17
PATH=C:\Program Files\Common Files\Oracle\Java\javapath;C:\Windows\system32;C:\Windows;C:\Windows\System32\Wbem;C:\Windows\System32\WindowsPowerShell\v1.0\;C:\Windows\System32\OpenSSH\;C:\Users\2273757\Downloads\jdk-20_windows-x64_bin.exe;C:\Program Files (x86)\Microsoft SQL Server\160\DTS\Binn\;C:\Users\2273757\Downloads\apache-maven-3.9.1-bin\apache-maven-3.9.1\bin;C:\Program Files\Java\jdk-17\bin;C:\Users\2273757\AppData\Local\Microsoft\WindowsApps;C:\Users\2273757\AppData\Local\Programs\Microsoft VS Code\bin;C:\Program Files\Common Files\Oracle\Java\javapath;C:\Program Files\Java\jdk-20;
USERNAME=2273757
OS=Windows_NT
PROCESSOR_IDENTIFIER=AMD64 Family 23 Model 24 Stepping 1, AuthenticAMD



---------------  S Y S T E M  ---------------

OS:
 Windows 11 , 64 bit Build 22000 (10.0.22000.1880)
OS uptime: 12 days 23:09 hours
Hyper-V role detected

CPU: total 8 (initial active 8) (8 cores per cpu, 2 threads per core) family 23 model 24 stepping 1 microcode 0x0, cx8, cmov, fxsr, ht, mmx, 3dnowpref, sse, sse2, sse3, ssse3, sse4a, sse4.1, sse4.2, popcnt, lzcnt, tsc, tscinvbit, avx, avx2, aes, clmul, bmi1, bmi2, adx, sha, fma, vzeroupper, clflush, clflushopt, hv

Memory: 4k page, system-wide physical 6077M (14M free)
TotalPageFile size 22461M (AvailPageFile size 4M)
current process WorkingSet (physical memory assigned to process): 39M, peak: 86M
current process commit charge ("private bytes"): 199M, peak: 234M

vm_info: Java HotSpot(TM) 64-Bit Server VM (17.0.7+8-LTS-224) for windows-amd64 JRE (17.0.7+8-LTS-224), built on Feb 28 2023 23:03:02 by "mach5one" with MS VC++ 17.1 (VS2022)

END.
